# JRE version: OpenJDK Runtime Environment (11.0.10) (build 11.0.10+0-b96-7249189)
# Java VM: OpenJDK 64-Bit Server VM (11.0.10+0-b96-7249189, mixed mode, tiered, compressed oops, g1 gc, windows-amd64)
Heap:
 garbage-first heap   total 260096K, used 183077K [0x0000000080000000, 0x0000000100000000)
  region size 1024K, 37 young (37888K), 9 survivors (9216K)
 Metaspace       used 142211K, capacity 145913K, committed 146008K, reserved 1181696K
  class space    used 17405K, capacity 18759K, committed 18816K, reserved 1048576K
GC Heap History (20 events):
Event: 462.419 GC heap before
{Heap before GC invocations=84 (full 0):
 garbage-first heap   total 260096K, used 202878K [0x0000000080000000, 0x0000000100000000)
  region size 1024K, 57 young (58368K), 2 survivors (2048K)
 Metaspace       used 129176K, capacity 132516K, committed 132824K, reserved 1165312K
  class space    used 15587K, capacity 16774K, committed 16896K, reserved 1048576K
}
Event: 462.425 GC heap after
{Heap after GC invocations=85 (full 0):
 garbage-first heap   total 260096K, used 148594K [0x0000000080000000, 0x0000000100000000)
  region size 1024K, 3 young (3072K), 3 survivors (3072K)
 Metaspace       used 129176K, capacity 132516K, committed 132824K, reserved 1165312K
  class space    used 15587K, capacity 16774K, committed 16896K, reserved 1048576K
}
Event: 463.371 GC heap before
{Heap before GC invocations=86 (full 0):
 garbage-first heap   total 260096K, used 204914K [0x0000000080000000, 0x0000000100000000)
  region size 1024K, 61 young (62464K), 3 survivors (3072K)
 Metaspace       used 132523K, capacity 135900K, committed 136024K, reserved 1167360K
  class space    used 16005K, capacity 17194K, committed 17280K, reserved 1048576K
}
Event: 463.379 GC heap after
{Heap after GC invocations=87 (full 0):
 garbage-first heap   total 260096K, used 148709K [0x0000000080000000, 0x0000000100000000)
  region size 1024K, 5 young (5120K), 5 survivors (5120K)
 Metaspace       used 132523K, capacity 135900K, committed 136024K, reserved 1167360K
  class space    used 16005K, capacity 17194K, committed 17280K, reserved 1048576K
}
Event: 463.864 GC heap before
{Heap before GC invocations=87 (full 0):
 garbage-first heap   total 260096K, used 155877K [0x0000000080000000, 0x0000000100000000)
  region size 1024K, 12 young (12288K), 5 survivors (5120K)
 Metaspace       used 132588K, capacity 136005K, committed 136280K, reserved 1169408K
  class space    used 16013K, capacity 17229K, committed 17280K, reserved 1048576K
}
Event: 463.873 GC heap after
{Heap after GC invocations=88 (full 0):
 garbage-first heap   total 260096K, used 127964K [0x0000000080000000, 0x0000000100000000)
  region size 1024K, 1 young (1024K), 1 survivors (1024K)
 Metaspace       used 132588K, capacity 136005K, committed 136280K, reserved 1169408K
  class space    used 16013K, capacity 17229K, committed 17280K, reserved 1048576K
}
Event: 468.943 GC heap before
{Heap before GC invocations=88 (full 0):
 garbage-first heap   total 260096K, used 202716K [0x0000000080000000, 0x0000000100000000)
  region size 1024K, 75 young (76800K), 1 survivors (1024K)
 Metaspace       used 133389K, capacity 136743K, committed 136792K, reserved 1169408K
  class space    used 16066K, capacity 17277K, committed 17280K, reserved 1048576K
}
Event: 468.949 GC heap after
{Heap after GC invocations=89 (full 0):
 garbage-first heap   total 260096K, used 129168K [0x0000000080000000, 0x0000000100000000)
  region size 1024K, 2 young (2048K), 2 survivors (2048K)
 Metaspace       used 133389K, capacity 136743K, committed 136792K, reserved 1169408K
  class space    used 16066K, capacity 17277K, committed 17280K, reserved 1048576K
}
Event: 470.285 GC heap before
{Heap before GC invocations=90 (full 0):
 garbage-first heap   total 260096K, used 205968K [0x0000000080000000, 0x0000000100000000)
  region size 1024K, 79 young (80896K), 2 survivors (2048K)
 Metaspace       used 134493K, capacity 137952K, committed 138200K, reserved 1169408K
  class space    used 16187K, capacity 17384K, committed 17408K, reserved 1048576K
}
Event: 470.291 GC heap after
{Heap after GC invocations=91 (full 0):
 garbage-first heap   total 260096K, used 130718K [0x0000000080000000, 0x0000000100000000)
  region size 1024K, 4 young (4096K), 4 survivors (4096K)
 Metaspace       used 134493K, capacity 137952K, committed 138200K, reserved 1169408K
  class space    used 16187K, capacity 17384K, committed 17408K, reserved 1048576K
}
Event: 470.335 GC heap before
{Heap before GC invocations=91 (full 0):
 garbage-first heap   total 260096K, used 137886K [0x0000000080000000, 0x0000000100000000)
  region size 1024K, 12 young (12288K), 4 survivors (4096K)
 Metaspace       used 134651K, capacity 138065K, committed 138328K, reserved 1169408K
  class space    used 16210K, capacity 17420K, committed 17536K, reserved 1048576K
}
Event: 470.340 GC heap after
{Heap after GC invocations=92 (full 0):
 garbage-first heap   total 260096K, used 128418K [0x0000000080000000, 0x0000000100000000)
  region size 1024K, 1 young (1024K), 1 survivors (1024K)
 Metaspace       used 134651K, capacity 138065K, committed 138328K, reserved 1169408K
  class space    used 16210K, capacity 17420K, committed 17536K, reserved 1048576K
}
Event: 470.977 GC heap before
{Heap before GC invocations=92 (full 0):
 garbage-first heap   total 260096K, used 208290K [0x0000000080000000, 0x0000000100000000)
  region size 1024K, 80 young (81920K), 1 survivors (1024K)
 Metaspace       used 135521K, capacity 139010K, committed 139224K, reserved 1171456K
  class space    used 16325K, capacity 17560K, committed 17664K, reserved 1048576K
}
Event: 470.983 GC heap after
{Heap after GC invocations=93 (full 0):
 garbage-first heap   total 260096K, used 131187K [0x0000000080000000, 0x0000000100000000)
  region size 1024K, 4 young (4096K), 4 survivors (4096K)
 Metaspace       used 135521K, capacity 139010K, committed 139224K, reserved 1171456K
  class space    used 16325K, capacity 17560K, committed 17664K, reserved 1048576K
}
Event: 471.480 GC heap before
{Heap before GC invocations=94 (full 0):
 garbage-first heap   total 260096K, used 213107K [0x0000000080000000, 0x0000000100000000)
  region size 1024K, 83 young (84992K), 4 survivors (4096K)
 Metaspace       used 138051K, capacity 141579K, committed 141912K, reserved 1173504K
  class space    used 16675K, capacity 17921K, committed 18048K, reserved 1048576K
}
Event: 471.495 GC heap after
{Heap after GC invocations=95 (full 0):
 garbage-first heap   total 260096K, used 147790K [0x0000000080000000, 0x0000000100000000)
  region size 1024K, 11 young (11264K), 11 survivors (11264K)
 Metaspace       used 138051K, capacity 141579K, committed 141912K, reserved 1173504K
  class space    used 16675K, capacity 17921K, committed 18048K, reserved 1048576K
}
Event: 471.498 GC heap before
{Heap before GC invocations=95 (full 0):
 garbage-first heap   total 260096K, used 148814K [0x0000000080000000, 0x0000000100000000)
  region size 1024K, 12 young (12288K), 11 survivors (11264K)
 Metaspace       used 138066K, capacity 141611K, committed 141912K, reserved 1173504K
  class space    used 16681K, capacity 17953K, committed 18048K, reserved 1048576K
}
Event: 471.508 GC heap after
{Heap after GC invocations=96 (full 0):
 garbage-first heap   total 260096K, used 144695K [0x0000000080000000, 0x0000000100000000)
  region size 1024K, 2 young (2048K), 2 survivors (2048K)
 Metaspace       used 138066K, capacity 141611K, committed 141912K, reserved 1173504K
  class space    used 16681K, capacity 17953K, committed 18048K, reserved 1048576K
}
Event: 471.985 GC heap before
{Heap before GC invocations=96 (full 0):
 garbage-first heap   total 260096K, used 208183K [0x0000000080000000, 0x0000000100000000)
  region size 1024K, 65 young (66560K), 2 survivors (2048K)
 Metaspace       used 141086K, capacity 144773K, committed 144984K, reserved 1175552K
  class space    used 17202K, capacity 18556K, committed 18560K, reserved 1048576K
}
Event: 471.998 GC heap after
{Heap after GC invocations=97 (full 0):
 garbage-first heap   total 260096K, used 155429K [0x0000000080000000, 0x0000000100000000)
  region size 1024K, 9 young (9216K), 9 survivors (9216K)
 Metaspace       used 141086K, capacity 144773K, committed 144984K, reserved 1175552K
  class space    used 17202K, capacity 18556K, committed 18560K, reserved 1048576K
}

