# JRE version: OpenJDK Runtime Environment (11.0.10) (build 11.0.10+0-b96-7249189)
# Java VM: OpenJDK 64-Bit Server VM (11.0.10+0-b96-7249189, mixed mode, tiered, compressed oops, g1 gc, windows-amd64)
Heap:
 garbage-first heap   total 409600K, used 190412K [0x0000000080000000, 0x0000000100000000)
  region size 1024K, 79 young (80896K), 17 survivors (17408K)
 Metaspace       used 106066K, capacity 109015K, committed 109260K, reserved 1144832K
  class space    used 13568K, capacity 14676K, committed 14796K, reserved 1048576K
GC Heap History (20 events):
Event: 21.024 GC heap before
{Heap before GC invocations=28 (full 0):
 garbage-first heap   total 260096K, used 219365K [0x0000000080000000, 0x0000000100000000)
  region size 1024K, 113 young (115712K), 8 survivors (8192K)
 Metaspace       used 105427K, capacity 108300K, committed 108364K, reserved 1142784K
  class space    used 13559K, capacity 14666K, committed 14668K, reserved 1048576K
}
Event: 21.034 GC heap after
{Heap after GC invocations=29 (full 0):
 garbage-first heap   total 260096K, used 113410K [0x0000000080000000, 0x0000000100000000)
  region size 1024K, 8 young (8192K), 8 survivors (8192K)
 Metaspace       used 105427K, capacity 108300K, committed 108364K, reserved 1142784K
  class space    used 13559K, capacity 14666K, committed 14668K, reserved 1048576K
}
Event: 21.205 GC heap before
{Heap before GC invocations=29 (full 0):
 garbage-first heap   total 260096K, used 221954K [0x0000000080000000, 0x0000000100000000)
  region size 1024K, 114 young (116736K), 8 survivors (8192K)
 Metaspace       used 105472K, capacity 108366K, committed 108620K, reserved 1142784K
  class space    used 13559K, capacity 14666K, committed 14668K, reserved 1048576K
}
Event: 21.214 GC heap after
{Heap after GC invocations=30 (full 0):
 garbage-first heap   total 260096K, used 114825K [0x0000000080000000, 0x0000000100000000)
  region size 1024K, 10 young (10240K), 10 survivors (10240K)
 Metaspace       used 105472K, capacity 108366K, committed 108620K, reserved 1142784K
  class space    used 13559K, capacity 14666K, committed 14668K, reserved 1048576K
}
Event: 21.381 GC heap before
{Heap before GC invocations=30 (full 0):
 garbage-first heap   total 260096K, used 222345K [0x0000000080000000, 0x0000000100000000)
  region size 1024K, 115 young (117760K), 10 survivors (10240K)
 Metaspace       used 105507K, capacity 108367K, committed 108620K, reserved 1142784K
  class space    used 13559K, capacity 14666K, committed 14668K, reserved 1048576K
}
Event: 21.395 GC heap after
{Heap after GC invocations=31 (full 0):
 garbage-first heap   total 312320K, used 116299K [0x0000000080000000, 0x0000000100000000)
  region size 1024K, 9 young (9216K), 9 survivors (9216K)
 Metaspace       used 105507K, capacity 108367K, committed 108620K, reserved 1142784K
  class space    used 13559K, capacity 14666K, committed 14668K, reserved 1048576K
}
Event: 21.691 GC heap before
{Heap before GC invocations=31 (full 0):
 garbage-first heap   total 312320K, used 254539K [0x0000000080000000, 0x0000000100000000)
  region size 1024K, 144 young (147456K), 9 survivors (9216K)
 Metaspace       used 105532K, capacity 108431K, committed 108620K, reserved 1142784K
  class space    used 13559K, capacity 14666K, committed 14668K, reserved 1048576K
}
Event: 21.701 GC heap after
{Heap after GC invocations=32 (full 0):
 garbage-first heap   total 312320K, used 117323K [0x0000000080000000, 0x0000000100000000)
  region size 1024K, 10 young (10240K), 10 survivors (10240K)
 Metaspace       used 105532K, capacity 108431K, committed 108620K, reserved 1142784K
  class space    used 13559K, capacity 14666K, committed 14668K, reserved 1048576K
}
Event: 22.004 GC heap before
{Heap before GC invocations=32 (full 0):
 garbage-first heap   total 312320K, used 257611K [0x0000000080000000, 0x0000000100000000)
  region size 1024K, 147 young (150528K), 10 survivors (10240K)
 Metaspace       used 105542K, capacity 108431K, committed 108620K, reserved 1142784K
  class space    used 13559K, capacity 14666K, committed 14668K, reserved 1048576K
}
Event: 22.014 GC heap after
{Heap after GC invocations=33 (full 0):
 garbage-first heap   total 312320K, used 119277K [0x0000000080000000, 0x0000000100000000)
  region size 1024K, 12 young (12288K), 12 survivors (12288K)
 Metaspace       used 105542K, capacity 108431K, committed 108620K, reserved 1142784K
  class space    used 13559K, capacity 14666K, committed 14668K, reserved 1048576K
}
Event: 22.247 GC heap before
{Heap before GC invocations=33 (full 0):
 garbage-first heap   total 312320K, used 260589K [0x0000000080000000, 0x0000000100000000)
  region size 1024K, 150 young (153600K), 12 survivors (12288K)
 Metaspace       used 105592K, capacity 108440K, committed 108620K, reserved 1142784K
  class space    used 13559K, capacity 14666K, committed 14668K, reserved 1048576K
}
Event: 22.258 GC heap after
{Heap after GC invocations=34 (full 0):
 garbage-first heap   total 312320K, used 121201K [0x0000000080000000, 0x0000000100000000)
  region size 1024K, 13 young (13312K), 13 survivors (13312K)
 Metaspace       used 105592K, capacity 108440K, committed 108620K, reserved 1142784K
  class space    used 13559K, capacity 14666K, committed 14668K, reserved 1048576K
}
Event: 22.535 GC heap before
{Heap before GC invocations=34 (full 0):
 garbage-first heap   total 312320K, used 263537K [0x0000000080000000, 0x0000000100000000)
  region size 1024K, 151 young (154624K), 13 survivors (13312K)
 Metaspace       used 105699K, capacity 108588K, committed 108620K, reserved 1142784K
  class space    used 13559K, capacity 14666K, committed 14668K, reserved 1048576K
}
Event: 22.550 GC heap after
{Heap after GC invocations=35 (full 0):
 garbage-first heap   total 409600K, used 121349K [0x0000000080000000, 0x0000000100000000)
  region size 1024K, 11 young (11264K), 11 survivors (11264K)
 Metaspace       used 105699K, capacity 108588K, committed 108620K, reserved 1142784K
  class space    used 13559K, capacity 14666K, committed 14668K, reserved 1048576K
}
Event: 23.233 GC heap before
{Heap before GC invocations=35 (full 0):
 garbage-first heap   total 409600K, used 330245K [0x0000000080000000, 0x0000000100000000)
  region size 1024K, 215 young (220160K), 11 survivors (11264K)
 Metaspace       used 105725K, capacity 108596K, committed 108748K, reserved 1142784K
  class space    used 13561K, capacity 14669K, committed 14796K, reserved 1048576K
}
Event: 23.278 GC heap after
{Heap after GC invocations=36 (full 0):
 garbage-first heap   total 409600K, used 123607K [0x0000000080000000, 0x0000000100000000)
  region size 1024K, 13 young (13312K), 13 survivors (13312K)
 Metaspace       used 105725K, capacity 108596K, committed 108748K, reserved 1142784K
  class space    used 13561K, capacity 14669K, committed 14796K, reserved 1048576K
}
Event: 24.134 GC heap before
{Heap before GC invocations=36 (full 0):
 garbage-first heap   total 409600K, used 343767K [0x0000000080000000, 0x0000000100000000)
  region size 1024K, 228 young (233472K), 13 survivors (13312K)
 Metaspace       used 105939K, capacity 108788K, committed 109004K, reserved 1142784K
  class space    used 13561K, capacity 14670K, committed 14796K, reserved 1048576K
}
Event: 24.149 GC heap after
{Heap after GC invocations=37 (full 0):
 garbage-first heap   total 409600K, used 125900K [0x0000000080000000, 0x0000000100000000)
  region size 1024K, 15 young (15360K), 15 survivors (15360K)
 Metaspace       used 105939K, capacity 108788K, committed 109004K, reserved 1142784K
  class space    used 13561K, capacity 14670K, committed 14796K, reserved 1048576K
}
Event: 24.656 GC heap before
{Heap before GC invocations=37 (full 0):
 garbage-first heap   total 409600K, used 350156K [0x0000000080000000, 0x0000000100000000)
  region size 1024K, 235 young (240640K), 15 survivors (15360K)
 Metaspace       used 106064K, capacity 109015K, committed 109260K, reserved 1144832K
  class space    used 13568K, capacity 14676K, committed 14796K, reserved 1048576K
}
Event: 24.673 GC heap after
{Heap after GC invocations=38 (full 0):
 garbage-first heap   total 409600K, used 127948K [0x0000000080000000, 0x0000000100000000)
  region size 1024K, 17 young (17408K), 17 survivors (17408K)
 Metaspace       used 106064K, capacity 109015K, committed 109260K, reserved 1144832K
  class space    used 13568K, capacity 14676K, committed 14796K, reserved 1048576K
}

