# JRE version: OpenJDK Runtime Environment (11.0.10) (build 11.0.10+0-b96-7249189)
# Java VM: OpenJDK 64-Bit Server VM (11.0.10+0-b96-7249189, mixed mode, tiered, compressed oops, g1 gc, windows-amd64)
Heap:
 garbage-first heap   total 665600K, used 142969K [0x0000000080000000, 0x0000000100000000)
  region size 1024K, 19 young (19456K), 19 survivors (19456K)
 Metaspace       used 101001K, capacity 103581K, committed 104248K, reserved 1138688K
  class space    used 12970K, capacity 13945K, committed 14240K, reserved 1048576K
GC Heap History (20 events):
Event: 16.246 GC heap after
{Heap after GC invocations=25 (full 0):
 garbage-first heap   total 312320K, used 116115K [0x0000000080000000, 0x0000000100000000)
  region size 1024K, 11 young (11264K), 11 survivors (11264K)
 Metaspace       used 99516K, capacity 102004K, committed 102840K, reserved 1138688K
  class space    used 12867K, capacity 13792K, committed 14112K, reserved 1048576K
}
Event: 16.483 GC heap before
{Heap before GC invocations=25 (full 0):
 garbage-first heap   total 312320K, used 263571K [0x0000000080000000, 0x0000000100000000)
  region size 1024K, 155 young (158720K), 11 survivors (11264K)
 Metaspace       used 99577K, capacity 102081K, committed 103096K, reserved 1138688K
  class space    used 12868K, capacity 13793K, committed 14112K, reserved 1048576K
}
Event: 16.498 GC heap after
{Heap after GC invocations=26 (full 0):
 garbage-first heap   total 312320K, used 117702K [0x0000000080000000, 0x0000000100000000)
  region size 1024K, 12 young (12288K), 12 survivors (12288K)
 Metaspace       used 99577K, capacity 102081K, committed 103096K, reserved 1138688K
  class space    used 12868K, capacity 13793K, committed 14112K, reserved 1048576K
}
Event: 16.725 GC heap before
{Heap before GC invocations=26 (full 0):
 garbage-first heap   total 312320K, used 265158K [0x0000000080000000, 0x0000000100000000)
  region size 1024K, 156 young (159744K), 12 survivors (12288K)
 Metaspace       used 99608K, capacity 102083K, committed 103096K, reserved 1138688K
  class space    used 12868K, capacity 13793K, committed 14112K, reserved 1048576K
}
Event: 16.743 GC heap after
{Heap after GC invocations=27 (full 0):
 garbage-first heap   total 374784K, used 118710K [0x0000000080000000, 0x0000000100000000)
  region size 1024K, 11 young (11264K), 11 survivors (11264K)
 Metaspace       used 99608K, capacity 102083K, committed 103096K, reserved 1138688K
  class space    used 12868K, capacity 13793K, committed 14112K, reserved 1048576K
}
Event: 17.019 GC heap before
{Heap before GC invocations=27 (full 0):
 garbage-first heap   total 374784K, used 300982K [0x0000000080000000, 0x0000000100000000)
  region size 1024K, 189 young (193536K), 11 survivors (11264K)
 Metaspace       used 99634K, capacity 102149K, committed 103096K, reserved 1138688K
  class space    used 12868K, capacity 13793K, committed 14112K, reserved 1048576K
}
Event: 17.034 GC heap after
{Heap after GC invocations=28 (full 0):
 garbage-first heap   total 374784K, used 120717K [0x0000000080000000, 0x0000000100000000)
  region size 1024K, 13 young (13312K), 13 survivors (13312K)
 Metaspace       used 99634K, capacity 102149K, committed 103096K, reserved 1138688K
  class space    used 12868K, capacity 13793K, committed 14112K, reserved 1048576K
}
Event: 17.337 GC heap before
{Heap before GC invocations=28 (full 0):
 garbage-first heap   total 374784K, used 317325K [0x0000000080000000, 0x0000000100000000)
  region size 1024K, 205 young (209920K), 13 survivors (13312K)
 Metaspace       used 99745K, capacity 102299K, committed 103096K, reserved 1138688K
  class space    used 12874K, capacity 13798K, committed 14112K, reserved 1048576K
}
Event: 17.353 GC heap after
{Heap after GC invocations=29 (full 0):
 garbage-first heap   total 374784K, used 121806K [0x0000000080000000, 0x0000000100000000)
  region size 1024K, 14 young (14336K), 14 survivors (14336K)
 Metaspace       used 99745K, capacity 102299K, committed 103096K, reserved 1138688K
  class space    used 12874K, capacity 13798K, committed 14112K, reserved 1048576K
}
Event: 17.657 GC heap before
{Heap before GC invocations=29 (full 0):
 garbage-first heap   total 374784K, used 320462K [0x0000000080000000, 0x0000000100000000)
  region size 1024K, 208 young (212992K), 14 survivors (14336K)
 Metaspace       used 99816K, capacity 102385K, committed 103352K, reserved 1138688K
  class space    used 12876K, capacity 13800K, committed 14112K, reserved 1048576K
}
Event: 17.677 GC heap after
{Heap after GC invocations=30 (full 0):
 garbage-first heap   total 374784K, used 127507K [0x0000000080000000, 0x0000000100000000)
  region size 1024K, 19 young (19456K), 19 survivors (19456K)
 Metaspace       used 99816K, capacity 102385K, committed 103352K, reserved 1138688K
  class space    used 12876K, capacity 13800K, committed 14112K, reserved 1048576K
}
Event: 17.940 GC heap before
{Heap before GC invocations=30 (full 0):
 garbage-first heap   total 374784K, used 315923K [0x0000000080000000, 0x0000000100000000)
  region size 1024K, 203 young (207872K), 19 survivors (19456K)
 Metaspace       used 99833K, capacity 102393K, committed 103352K, reserved 1138688K
  class space    used 12877K, capacity 13803K, committed 14112K, reserved 1048576K
}
Event: 17.967 GC heap after
{Heap after GC invocations=31 (full 0):
 garbage-first heap   total 518144K, used 128949K [0x0000000080000000, 0x0000000100000000)
  region size 1024K, 15 young (15360K), 15 survivors (15360K)
 Metaspace       used 99833K, capacity 102393K, committed 103352K, reserved 1138688K
  class space    used 12877K, capacity 13803K, committed 14112K, reserved 1048576K
}
Event: 18.600 GC heap before
{Heap before GC invocations=31 (full 0):
 garbage-first heap   total 518144K, used 408501K [0x0000000080000000, 0x0000000100000000)
  region size 1024K, 287 young (293888K), 15 survivors (15360K)
 Metaspace       used 100561K, capacity 103144K, committed 103992K, reserved 1138688K
  class space    used 12949K, capacity 13912K, committed 14240K, reserved 1048576K
}
Event: 18.619 GC heap after
{Heap after GC invocations=32 (full 0):
 garbage-first heap   total 518144K, used 131914K [0x0000000080000000, 0x0000000100000000)
  region size 1024K, 18 young (18432K), 18 survivors (18432K)
 Metaspace       used 100561K, capacity 103144K, committed 103992K, reserved 1138688K
  class space    used 12949K, capacity 13912K, committed 14240K, reserved 1048576K
}
Event: 19.086 GC heap before
{Heap before GC invocations=32 (full 0):
 garbage-first heap   total 518144K, used 423754K [0x0000000080000000, 0x0000000100000000)
  region size 1024K, 303 young (310272K), 18 survivors (18432K)
 Metaspace       used 100933K, capacity 103509K, committed 104248K, reserved 1138688K
  class space    used 12970K, capacity 13945K, committed 14240K, reserved 1048576K
}
Event: 19.108 GC heap after
{Heap after GC invocations=33 (full 0):
 garbage-first heap   total 518144K, used 144266K [0x0000000080000000, 0x0000000100000000)
  region size 1024K, 30 young (30720K), 30 survivors (30720K)
 Metaspace       used 100933K, capacity 103509K, committed 104248K, reserved 1138688K
  class space    used 12970K, capacity 13945K, committed 14240K, reserved 1048576K
}
Event: 19.460 GC heap before
{Heap before GC invocations=33 (full 0):
 garbage-first heap   total 518144K, used 424842K [0x0000000080000000, 0x0000000100000000)
  region size 1024K, 303 young (310272K), 30 survivors (30720K)
 Metaspace       used 100990K, capacity 103581K, committed 104248K, reserved 1138688K
  class space    used 12970K, capacity 13945K, committed 14240K, reserved 1048576K
}
Event: 19.483 GC heap after
{Heap after GC invocations=34 (full 0):
 garbage-first heap   total 518144K, used 141433K [0x0000000080000000, 0x0000000100000000)
  region size 1024K, 18 young (18432K), 18 survivors (18432K)
 Metaspace       used 100990K, capacity 103581K, committed 104248K, reserved 1138688K
  class space    used 12970K, capacity 13945K, committed 14240K, reserved 1048576K
}
Event: 19.971 GC heap before
{Heap before GC invocations=34 (full 0):
 garbage-first heap   total 518144K, used 433273K [0x0000000080000000, 0x0000000100000000)
  region size 1024K, 303 young (310272K), 18 survivors (18432K)
 Metaspace       used 101001K, capacity 103581K, committed 104248K, reserved 1138688K
  class space    used 12970K, capacity 13945K, committed 14240K, reserved 1048576K
}

